


ARM Macro Assembler    Page 1 


    1 00000000         ; STM32F030x8 devices vector table for MDK ARM_MICRO too
                       lchain
    2 00000000         ;;;;;;;;;;;;;;;;;;;;;;;;;;;;;;;;;;;;;;;;;;;;;;;;;;;;;;;;
                       ;;;;;;;;;;;;;;;;;;;;;;;;
    3 00000000         ; Copyright (c) 2014, STMicroelectronics
    4 00000000         ; All rights reserved.
    5 00000000         ;
    6 00000000         ; Redistribution and use in source and binary forms, wit
                       h or without
    7 00000000         ; modification, are permitted provided that the followin
                       g conditions are met:
    8 00000000         ;
    9 00000000         ; 1. Redistributions of source code must retain the abov
                       e copyright notice,
   10 00000000         ;     this list of conditions and the following disclaim
                       er.
   11 00000000         ; 2. Redistributions in binary form must reproduce the a
                       bove copyright notice,
   12 00000000         ;    this list of conditions and the following disclaime
                       r in the documentation
   13 00000000         ;    and/or other materials provided with the distributi
                       on.
   14 00000000         ; 3. Neither the name of STMicroelectronics nor the name
                       s of its contributors
   15 00000000         ;    may be used to endorse or promote products derived 
                       from this software
   16 00000000         ;    without specific prior written permission.
   17 00000000         ;
   18 00000000         ; THIS SOFTWARE IS PROVIDED BY THE COPYRIGHT HOLDERS AND
                        CONTRIBUTORS "AS IS"
   19 00000000         ; AND ANY EXPRESS OR IMPLIED WARRANTIES, INCLUDING, BUT 
                       NOT LIMITED TO, THE
   20 00000000         ; IMPLIED WARRANTIES OF MERCHANTABILITY AND FITNESS FOR 
                       A PARTICULAR PURPOSE ARE
   21 00000000         ; DISCLAIMED. IN NO EVENT SHALL THE COPYRIGHT HOLDER OR 
                       CONTRIBUTORS BE LIABLE
   22 00000000         ; FOR ANY DIRECT, INDIRECT, INCIDENTAL, SPECIAL, EXEMPLA
                       RY, OR CONSEQUENTIAL
   23 00000000         ; DAMAGES (INCLUDING, BUT NOT LIMITED TO, PROCUREMENT OF
                        SUBSTITUTE GOODS OR
   24 00000000         ; SERVICES; LOSS OF USE, DATA, OR PROFITS; OR BUSINESS I
                       NTERRUPTION) HOWEVER
   25 00000000         ; CAUSED AND ON ANY THEORY OF LIABILITY, WHETHER IN CONT
                       RACT, STRICT LIABILITY,
   26 00000000         ; OR TORT (INCLUDING NEGLIGENCE OR OTHERWISE) ARISING IN
                        ANY WAY OUT OF THE USE
   27 00000000         ; OF THIS SOFTWARE, EVEN IF ADVISED OF THE POSSIBILITY O
                       F SUCH DAMAGE.
   28 00000000         ;;;;;;;;;;;;;;;;;;;;;;;;;;;;;;;;;;;;;;;;;;;;;;;;;;;;;;;;
                       ;;;;;;;;;;;;;;;;;;;;;;;;
   29 00000000         
   30 00000000         ; Amount of memory (in bytes) allocated for Stack
   31 00000000         ; Tailor this value to your application needs
   32 00000000         ; <h> Stack Configuration
   33 00000000         ;   <o> Stack Size (in Bytes) <0x0-0xFFFFFFFF:8>
   34 00000000         ; </h>
   35 00000000         
   36 00000000 00000400 
                       Stack_Size



ARM Macro Assembler    Page 2 


                               EQU              0x00000400
   37 00000000         
   38 00000000                 AREA             STACK, NOINIT, READWRITE, ALIGN
=3
   39 00000000                 EXPORT           __initial_sp
   40 00000000         
   41 00000000         Stack_Mem
                               SPACE            Stack_Size
   42 00000400 20002000 
                       __initial_sp
                               EQU              0x20002000  ; Top of RAM (8 KB 
                                                            for STM32F030R8)
   43 00000400         
   44 00000400         
   45 00000400         ; <h> Heap Configuration
   46 00000400         ;   <o>  Heap Size (in Bytes) <0x0-0xFFFFFFFF:8>
   47 00000400         ; </h>
   48 00000400         
   49 00000400 00000800 
                       Heap_Size
                               EQU              0x00000800
   50 00000400         
   51 00000400                 AREA             HEAP, NOINIT, READWRITE, ALIGN=
3
   52 00000000                 EXPORT           __heap_base
   53 00000000                 EXPORT           __heap_limit
   54 00000000         
   55 00000000         __heap_base
   56 00000000         Heap_Mem
                               SPACE            Heap_Size
   57 00000800 20001C00 
                       __heap_limit
                               EQU              (__initial_sp - Stack_Size)
   58 00000800         
   59 00000800                 PRESERVE8
   60 00000800                 THUMB
   61 00000800         
   62 00000800         
   63 00000800         ; Vector Table Mapped to Address 0 at Reset
   64 00000800                 AREA             RESET, DATA, READONLY
   65 00000000                 EXPORT           __Vectors
   66 00000000                 EXPORT           __Vectors_End
   67 00000000                 EXPORT           __Vectors_Size
   68 00000000         
   69 00000000 20002000 
                       __Vectors
                               DCD              __initial_sp ; Top of Stack
   70 00000004 00000000        DCD              Reset_Handler ; Reset Handler
   71 00000008 00000000        DCD              NMI_Handler ; NMI Handler
   72 0000000C 00000000        DCD              HardFault_Handler ; Hard Fault 
                                                            Handler
   73 00000010 00000000        DCD              0           ; Reserved
   74 00000014 00000000        DCD              0           ; Reserved
   75 00000018 00000000        DCD              0           ; Reserved
   76 0000001C 00000000        DCD              0           ; Reserved
   77 00000020 00000000        DCD              0           ; Reserved
   78 00000024 00000000        DCD              0           ; Reserved
   79 00000028 00000000        DCD              0           ; Reserved
   80 0000002C 00000000        DCD              SVC_Handler ; SVCall Handler



ARM Macro Assembler    Page 3 


   81 00000030 00000000        DCD              0           ; Reserved
   82 00000034 00000000        DCD              0           ; Reserved
   83 00000038 00000000        DCD              PendSV_Handler ; PendSV Handler
                                                            
   84 0000003C 00000000        DCD              SysTick_Handler 
                                                            ; SysTick Handler
   85 00000040         
   86 00000040         ; External Interrupts
   87 00000040 00000000        DCD              WWDG_IRQHandler 
                                                            ; Window Watchdog
   88 00000044 00000000        DCD              0           ; Reserved
   89 00000048 00000000        DCD              RTC_IRQHandler ; RTC through EX
                                                            TI Line
   90 0000004C 00000000        DCD              FLASH_IRQHandler ; FLASH
   91 00000050 00000000        DCD              RCC_IRQHandler ; RCC
   92 00000054 00000000        DCD              EXTI0_1_IRQHandler 
                                                            ; EXTI Line 0 and 1
                                                            
   93 00000058 00000000        DCD              EXTI2_3_IRQHandler 
                                                            ; EXTI Line 2 and 3
                                                            
   94 0000005C 00000000        DCD              EXTI4_15_IRQHandler 
                                                            ; EXTI Line 4 to 15
                                                            
   95 00000060 00000000        DCD              0           ; Reserved
   96 00000064 00000000        DCD              DMA1_Channel1_IRQHandler 
                                                            ; DMA1 Channel 1
   97 00000068 00000000        DCD              DMA1_Channel2_3_IRQHandler ; DM
                                                            A1 Channel 2 and Ch
                                                            annel 3
   98 0000006C 00000000        DCD              DMA1_Channel4_5_IRQHandler ; DM
                                                            A1 Channel 4 and Ch
                                                            annel 5
   99 00000070 00000000        DCD              ADC1_IRQHandler ; ADC1 
  100 00000074 00000000        DCD              TIM1_BRK_UP_TRG_COM_IRQHandler 
                                                            ; TIM1 Break, Updat
                                                            e, Trigger and Comm
                                                            utation
  101 00000078 00000000        DCD              TIM1_CC_IRQHandler ; TIM1 Captu
                                                            re Compare
  102 0000007C 00000000        DCD              0           ; Reserved
  103 00000080 00000000        DCD              TIM3_IRQHandler ; TIM3
  104 00000084 00000000        DCD              0           ; Reserved
  105 00000088 00000000        DCD              0           ; Reserved
  106 0000008C 00000000        DCD              TIM14_IRQHandler ; TIM14
  107 00000090 00000000        DCD              TIM15_IRQHandler ; TIM15
  108 00000094 00000000        DCD              TIM16_IRQHandler ; TIM16
  109 00000098 00000000        DCD              TIM17_IRQHandler ; TIM17
  110 0000009C 00000000        DCD              I2C1_IRQHandler ; I2C1
  111 000000A0 00000000        DCD              I2C2_IRQHandler ; I2C2
  112 000000A4 00000000        DCD              SPI1_IRQHandler ; SPI1
  113 000000A8 00000000        DCD              SPI2_IRQHandler ; SPI2
  114 000000AC 00000000        DCD              USART1_IRQHandler ; USART1
  115 000000B0 00000000        DCD              USART2_IRQHandler ; USART2
  116 000000B4         
  117 000000B4         __Vectors_End
  118 000000B4         
  119 000000B4 000000B4 
                       __Vectors_Size



ARM Macro Assembler    Page 4 


                               EQU              __Vectors_End - __Vectors
  120 000000B4         
  121 000000B4                 AREA             |.text|, CODE, READONLY
  122 00000000         
  123 00000000         ; Reset handler
  124 00000000         Reset_Handler
                               PROC
  125 00000000                 EXPORT           Reset_Handler                 [
WEAK]
  126 00000000                 IMPORT           __main
  127 00000000                 IMPORT           SystemInit
  128 00000000 4804            LDR              R0, =SystemInit
  129 00000002 4780            BLX              R0
  130 00000004 4804            LDR              R0, =__main
  131 00000006 4700            BX               R0
  132 00000008                 ENDP
  133 00000008         
  134 00000008         ; Dummy Exception Handlers (infinite loops which can be 
                       modified)
  135 00000008         
  136 00000008         NMI_Handler
                               PROC
  137 00000008                 EXPORT           NMI_Handler                    
[WEAK]
  138 00000008 E7FE            B                .
  139 0000000A                 ENDP
  141 0000000A         HardFault_Handler
                               PROC
  142 0000000A                 EXPORT           HardFault_Handler              
[WEAK]
  143 0000000A E7FE            B                .
  144 0000000C                 ENDP
  145 0000000C         SVC_Handler
                               PROC
  146 0000000C                 EXPORT           SVC_Handler                    
[WEAK]
  147 0000000C E7FE            B                .
  148 0000000E                 ENDP
  149 0000000E         PendSV_Handler
                               PROC
  150 0000000E                 EXPORT           PendSV_Handler                 
[WEAK]
  151 0000000E E7FE            B                .
  152 00000010                 ENDP
  153 00000010         SysTick_Handler
                               PROC
  154 00000010                 EXPORT           SysTick_Handler                
[WEAK]
  155 00000010 E7FE            B                .
  156 00000012                 ENDP
  157 00000012         
  158 00000012         Default_Handler
                               PROC
  159 00000012         
  160 00000012                 EXPORT           WWDG_IRQHandler                
[WEAK]
  161 00000012                 EXPORT           RTC_IRQHandler                 
[WEAK]
  162 00000012                 EXPORT           FLASH_IRQHandler               



ARM Macro Assembler    Page 5 


[WEAK]
  163 00000012                 EXPORT           RCC_IRQHandler                 
[WEAK]
  164 00000012                 EXPORT           EXTI0_1_IRQHandler             
[WEAK]
  165 00000012                 EXPORT           EXTI2_3_IRQHandler             
[WEAK]
  166 00000012                 EXPORT           EXTI4_15_IRQHandler            
[WEAK]
  167 00000012                 EXPORT           DMA1_Channel1_IRQHandler       
[WEAK]
  168 00000012                 EXPORT           DMA1_Channel2_3_IRQHandler     
[WEAK]
  169 00000012                 EXPORT           DMA1_Channel4_5_IRQHandler     
[WEAK]
  170 00000012                 EXPORT           ADC1_IRQHandler                
[WEAK]
  171 00000012                 EXPORT           TIM1_BRK_UP_TRG_COM_IRQHandler 
[WEAK]
  172 00000012                 EXPORT           TIM1_CC_IRQHandler             
[WEAK]
  173 00000012                 EXPORT           TIM3_IRQHandler                
[WEAK]
  174 00000012                 EXPORT           TIM14_IRQHandler               
[WEAK]
  175 00000012                 EXPORT           TIM15_IRQHandler               
[WEAK]
  176 00000012                 EXPORT           TIM16_IRQHandler               
[WEAK]
  177 00000012                 EXPORT           TIM17_IRQHandler               
[WEAK]
  178 00000012                 EXPORT           I2C1_IRQHandler                
[WEAK]
  179 00000012                 EXPORT           I2C2_IRQHandler                
[WEAK]
  180 00000012                 EXPORT           SPI1_IRQHandler                
[WEAK]
  181 00000012                 EXPORT           SPI2_IRQHandler                
[WEAK]
  182 00000012                 EXPORT           USART1_IRQHandler              
[WEAK]
  183 00000012                 EXPORT           USART2_IRQHandler              
[WEAK]
  184 00000012         
  185 00000012         
  186 00000012         WWDG_IRQHandler
  187 00000012         RTC_IRQHandler
  188 00000012         FLASH_IRQHandler
  189 00000012         RCC_IRQHandler
  190 00000012         EXTI0_1_IRQHandler
  191 00000012         EXTI2_3_IRQHandler
  192 00000012         EXTI4_15_IRQHandler
  193 00000012         DMA1_Channel1_IRQHandler
  194 00000012         DMA1_Channel2_3_IRQHandler
  195 00000012         DMA1_Channel4_5_IRQHandler
  196 00000012         ADC1_IRQHandler
  197 00000012         TIM1_BRK_UP_TRG_COM_IRQHandler
  198 00000012         TIM1_CC_IRQHandler
  199 00000012         TIM3_IRQHandler



ARM Macro Assembler    Page 6 


  200 00000012         TIM14_IRQHandler
  201 00000012         TIM15_IRQHandler
  202 00000012         TIM16_IRQHandler
  203 00000012         TIM17_IRQHandler
  204 00000012         I2C1_IRQHandler
  205 00000012         I2C2_IRQHandler
  206 00000012         SPI1_IRQHandler
  207 00000012         SPI2_IRQHandler
  208 00000012         USART1_IRQHandler
  209 00000012         USART2_IRQHandler
  210 00000012         
  211 00000012 E7FE            B                .
  212 00000014         
  213 00000014                 ENDP
  214 00000014         
  215 00000014                 ALIGN
  216 00000014                 END
              00000000 
              00000000 
Command Line: --debug --brief_diagnostics --xref --diag_suppress=9931 --cpu=Cor
tex-M0 --apcs=interwork/interwork --depend=.\build\startup_stm32f030x8.d -o.\bu
ild\startup_stm32f030x8.o -I"C:/Program Files/ARM/armcc_4.1_791/include" -IE:\O
neDrive\Prj_HT\IC¿¨½ÌÅÆÆ÷\src\RTE -ID:\Keil\ARM\PACK\Keil\STM32F0xx_DFP\1.5.0\D
evice\Include -ID:\Keil\ARM\CMSIS\Include --predefine="__MICROLIB SETA 1" --pre
define="__UVISION_VERSION SETA 515" --predefine="STM32F030x8 SETA 1" --predefin
e="__CORTEX_M0 SETA 1" --predefine="TARGET_FF_ARDUINO SETA 1" --predefine="TARG
ET_FF_MORPHO SETA 1" --predefine="TARGET_LIKE_MBED SETA 1" --predefine="TARGET_
CORTEX_M SETA 1" --predefine="TOOLCHAIN_ARM_MICRO SETA 1" --predefine="ARM_MATH
_CM0 SETA 1" --predefine="__MBED__ SETA 1" --predefine="TARGET_STM SETA 1" --pr
edefine="TARGET_STM32F0 SETA 1" --predefine="TARGET_M0 SETA 1" --predefine="TAR
GET_NUCLEO_F030R8 SETA 1" --predefine="TARGET_STM32F030R8 SETA 1" --predefine="
TOOLCHAIN_ARM SETA 1" --predefine="MBED_BUILD_TIMESTAMP SETA 1462954287" --pred
efine="TARGET_LIKE_CORTEX_M0 SETA 1" --predefine="__ASSERT_MSG SETA 1" --list=.
\build\startup_stm32f030x8.lst startup_stm32f030x8.S



ARM Macro Assembler    Page 1 Alphabetic symbol ordering
Relocatable symbols

STACK 00000000

Symbol: STACK
   Definitions
      At line 38 in file startup_stm32f030x8.S
   Uses
      None
Comment: STACK unused
Stack_Mem 00000000

Symbol: Stack_Mem
   Definitions
      At line 41 in file startup_stm32f030x8.S
   Uses
      None
Comment: Stack_Mem unused
2 symbols



ARM Macro Assembler    Page 1 Alphabetic symbol ordering
Relocatable symbols

HEAP 00000000

Symbol: HEAP
   Definitions
      At line 51 in file startup_stm32f030x8.S
   Uses
      None
Comment: HEAP unused
Heap_Mem 00000000

Symbol: Heap_Mem
   Definitions
      At line 56 in file startup_stm32f030x8.S
   Uses
      None
Comment: Heap_Mem unused
__heap_base 00000000

Symbol: __heap_base
   Definitions
      At line 55 in file startup_stm32f030x8.S
   Uses
      At line 52 in file startup_stm32f030x8.S
Comment: __heap_base used once
3 symbols



ARM Macro Assembler    Page 1 Alphabetic symbol ordering
Relocatable symbols

RESET 00000000

Symbol: RESET
   Definitions
      At line 64 in file startup_stm32f030x8.S
   Uses
      None
Comment: RESET unused
__Vectors 00000000

Symbol: __Vectors
   Definitions
      At line 69 in file startup_stm32f030x8.S
   Uses
      At line 65 in file startup_stm32f030x8.S
      At line 119 in file startup_stm32f030x8.S

__Vectors_End 000000B4

Symbol: __Vectors_End
   Definitions
      At line 117 in file startup_stm32f030x8.S
   Uses
      At line 66 in file startup_stm32f030x8.S
      At line 119 in file startup_stm32f030x8.S

3 symbols



ARM Macro Assembler    Page 1 Alphabetic symbol ordering
Relocatable symbols

.text 00000000

Symbol: .text
   Definitions
      At line 121 in file startup_stm32f030x8.S
   Uses
      None
Comment: .text unused
ADC1_IRQHandler 00000012

Symbol: ADC1_IRQHandler
   Definitions
      At line 196 in file startup_stm32f030x8.S
   Uses
      At line 99 in file startup_stm32f030x8.S
      At line 170 in file startup_stm32f030x8.S

DMA1_Channel1_IRQHandler 00000012

Symbol: DMA1_Channel1_IRQHandler
   Definitions
      At line 193 in file startup_stm32f030x8.S
   Uses
      At line 96 in file startup_stm32f030x8.S
      At line 167 in file startup_stm32f030x8.S

DMA1_Channel2_3_IRQHandler 00000012

Symbol: DMA1_Channel2_3_IRQHandler
   Definitions
      At line 194 in file startup_stm32f030x8.S
   Uses
      At line 97 in file startup_stm32f030x8.S
      At line 168 in file startup_stm32f030x8.S

DMA1_Channel4_5_IRQHandler 00000012

Symbol: DMA1_Channel4_5_IRQHandler
   Definitions
      At line 195 in file startup_stm32f030x8.S
   Uses
      At line 98 in file startup_stm32f030x8.S
      At line 169 in file startup_stm32f030x8.S

Default_Handler 00000012

Symbol: Default_Handler
   Definitions
      At line 158 in file startup_stm32f030x8.S
   Uses
      None
Comment: Default_Handler unused
EXTI0_1_IRQHandler 00000012

Symbol: EXTI0_1_IRQHandler
   Definitions
      At line 190 in file startup_stm32f030x8.S
   Uses
      At line 92 in file startup_stm32f030x8.S



ARM Macro Assembler    Page 2 Alphabetic symbol ordering
Relocatable symbols

      At line 164 in file startup_stm32f030x8.S

EXTI2_3_IRQHandler 00000012

Symbol: EXTI2_3_IRQHandler
   Definitions
      At line 191 in file startup_stm32f030x8.S
   Uses
      At line 93 in file startup_stm32f030x8.S
      At line 165 in file startup_stm32f030x8.S

EXTI4_15_IRQHandler 00000012

Symbol: EXTI4_15_IRQHandler
   Definitions
      At line 192 in file startup_stm32f030x8.S
   Uses
      At line 94 in file startup_stm32f030x8.S
      At line 166 in file startup_stm32f030x8.S

FLASH_IRQHandler 00000012

Symbol: FLASH_IRQHandler
   Definitions
      At line 188 in file startup_stm32f030x8.S
   Uses
      At line 90 in file startup_stm32f030x8.S
      At line 162 in file startup_stm32f030x8.S

HardFault_Handler 0000000A

Symbol: HardFault_Handler
   Definitions
      At line 141 in file startup_stm32f030x8.S
   Uses
      At line 72 in file startup_stm32f030x8.S
      At line 142 in file startup_stm32f030x8.S

I2C1_IRQHandler 00000012

Symbol: I2C1_IRQHandler
   Definitions
      At line 204 in file startup_stm32f030x8.S
   Uses
      At line 110 in file startup_stm32f030x8.S
      At line 178 in file startup_stm32f030x8.S

I2C2_IRQHandler 00000012

Symbol: I2C2_IRQHandler
   Definitions
      At line 205 in file startup_stm32f030x8.S
   Uses
      At line 111 in file startup_stm32f030x8.S
      At line 179 in file startup_stm32f030x8.S

NMI_Handler 00000008

Symbol: NMI_Handler



ARM Macro Assembler    Page 3 Alphabetic symbol ordering
Relocatable symbols

   Definitions
      At line 136 in file startup_stm32f030x8.S
   Uses
      At line 71 in file startup_stm32f030x8.S
      At line 137 in file startup_stm32f030x8.S

PendSV_Handler 0000000E

Symbol: PendSV_Handler
   Definitions
      At line 149 in file startup_stm32f030x8.S
   Uses
      At line 83 in file startup_stm32f030x8.S
      At line 150 in file startup_stm32f030x8.S

RCC_IRQHandler 00000012

Symbol: RCC_IRQHandler
   Definitions
      At line 189 in file startup_stm32f030x8.S
   Uses
      At line 91 in file startup_stm32f030x8.S
      At line 163 in file startup_stm32f030x8.S

RTC_IRQHandler 00000012

Symbol: RTC_IRQHandler
   Definitions
      At line 187 in file startup_stm32f030x8.S
   Uses
      At line 89 in file startup_stm32f030x8.S
      At line 161 in file startup_stm32f030x8.S

Reset_Handler 00000000

Symbol: Reset_Handler
   Definitions
      At line 124 in file startup_stm32f030x8.S
   Uses
      At line 70 in file startup_stm32f030x8.S
      At line 125 in file startup_stm32f030x8.S

SPI1_IRQHandler 00000012

Symbol: SPI1_IRQHandler
   Definitions
      At line 206 in file startup_stm32f030x8.S
   Uses
      At line 112 in file startup_stm32f030x8.S
      At line 180 in file startup_stm32f030x8.S

SPI2_IRQHandler 00000012

Symbol: SPI2_IRQHandler
   Definitions
      At line 207 in file startup_stm32f030x8.S
   Uses
      At line 113 in file startup_stm32f030x8.S
      At line 181 in file startup_stm32f030x8.S



ARM Macro Assembler    Page 4 Alphabetic symbol ordering
Relocatable symbols


SVC_Handler 0000000C

Symbol: SVC_Handler
   Definitions
      At line 145 in file startup_stm32f030x8.S
   Uses
      At line 80 in file startup_stm32f030x8.S
      At line 146 in file startup_stm32f030x8.S

SysTick_Handler 00000010

Symbol: SysTick_Handler
   Definitions
      At line 153 in file startup_stm32f030x8.S
   Uses
      At line 84 in file startup_stm32f030x8.S
      At line 154 in file startup_stm32f030x8.S

TIM14_IRQHandler 00000012

Symbol: TIM14_IRQHandler
   Definitions
      At line 200 in file startup_stm32f030x8.S
   Uses
      At line 106 in file startup_stm32f030x8.S
      At line 174 in file startup_stm32f030x8.S

TIM15_IRQHandler 00000012

Symbol: TIM15_IRQHandler
   Definitions
      At line 201 in file startup_stm32f030x8.S
   Uses
      At line 107 in file startup_stm32f030x8.S
      At line 175 in file startup_stm32f030x8.S

TIM16_IRQHandler 00000012

Symbol: TIM16_IRQHandler
   Definitions
      At line 202 in file startup_stm32f030x8.S
   Uses
      At line 108 in file startup_stm32f030x8.S
      At line 176 in file startup_stm32f030x8.S

TIM17_IRQHandler 00000012

Symbol: TIM17_IRQHandler
   Definitions
      At line 203 in file startup_stm32f030x8.S
   Uses
      At line 109 in file startup_stm32f030x8.S
      At line 177 in file startup_stm32f030x8.S

TIM1_BRK_UP_TRG_COM_IRQHandler 00000012

Symbol: TIM1_BRK_UP_TRG_COM_IRQHandler
   Definitions



ARM Macro Assembler    Page 5 Alphabetic symbol ordering
Relocatable symbols

      At line 197 in file startup_stm32f030x8.S
   Uses
      At line 100 in file startup_stm32f030x8.S
      At line 171 in file startup_stm32f030x8.S

TIM1_CC_IRQHandler 00000012

Symbol: TIM1_CC_IRQHandler
   Definitions
      At line 198 in file startup_stm32f030x8.S
   Uses
      At line 101 in file startup_stm32f030x8.S
      At line 172 in file startup_stm32f030x8.S

TIM3_IRQHandler 00000012

Symbol: TIM3_IRQHandler
   Definitions
      At line 199 in file startup_stm32f030x8.S
   Uses
      At line 103 in file startup_stm32f030x8.S
      At line 173 in file startup_stm32f030x8.S

USART1_IRQHandler 00000012

Symbol: USART1_IRQHandler
   Definitions
      At line 208 in file startup_stm32f030x8.S
   Uses
      At line 114 in file startup_stm32f030x8.S
      At line 182 in file startup_stm32f030x8.S

USART2_IRQHandler 00000012

Symbol: USART2_IRQHandler
   Definitions
      At line 209 in file startup_stm32f030x8.S
   Uses
      At line 115 in file startup_stm32f030x8.S
      At line 183 in file startup_stm32f030x8.S

WWDG_IRQHandler 00000012

Symbol: WWDG_IRQHandler
   Definitions
      At line 186 in file startup_stm32f030x8.S
   Uses
      At line 87 in file startup_stm32f030x8.S
      At line 160 in file startup_stm32f030x8.S

32 symbols



ARM Macro Assembler    Page 1 Alphabetic symbol ordering
Absolute symbols

Heap_Size 00000800

Symbol: Heap_Size
   Definitions
      At line 49 in file startup_stm32f030x8.S
   Uses
      At line 56 in file startup_stm32f030x8.S
Comment: Heap_Size used once
Stack_Size 00000400

Symbol: Stack_Size
   Definitions
      At line 36 in file startup_stm32f030x8.S
   Uses
      At line 41 in file startup_stm32f030x8.S
      At line 57 in file startup_stm32f030x8.S

__Vectors_Size 000000B4

Symbol: __Vectors_Size
   Definitions
      At line 119 in file startup_stm32f030x8.S
   Uses
      At line 67 in file startup_stm32f030x8.S
Comment: __Vectors_Size used once
__heap_limit 20001C00

Symbol: __heap_limit
   Definitions
      At line 57 in file startup_stm32f030x8.S
   Uses
      At line 53 in file startup_stm32f030x8.S
Comment: __heap_limit used once
__initial_sp 20002000

Symbol: __initial_sp
   Definitions
      At line 42 in file startup_stm32f030x8.S
   Uses
      At line 39 in file startup_stm32f030x8.S
      At line 57 in file startup_stm32f030x8.S
      At line 69 in file startup_stm32f030x8.S

5 symbols



ARM Macro Assembler    Page 1 Alphabetic symbol ordering
External symbols

SystemInit 00000000

Symbol: SystemInit
   Definitions
      At line 127 in file startup_stm32f030x8.S
   Uses
      At line 128 in file startup_stm32f030x8.S
Comment: SystemInit used once
__main 00000000

Symbol: __main
   Definitions
      At line 126 in file startup_stm32f030x8.S
   Uses
      At line 130 in file startup_stm32f030x8.S
Comment: __main used once
2 symbols
399 symbols in table
